<?xml version="1.0" encoding="UTF-8"?>
<!-- Generated by org.testng.reporters.JUnitReportReporter -->
<testsuite hostname="Dhanusha" failures="2" tests="6" name="tests.HomePageTest" time="21.153" errors="0" timestamp="2024-11-12T14:23:19 IST" skipped="0">
  <testcase classname="tests.HomePageTest" name="validateTitle" time="2.277"/>
  <testcase classname="tests.HomePageTest" name="openWebTest" time="0.483">
    <failure message="expected [https://www.bestbuy.com/?intl=nosplash] but found [https://www.bestbuy.com/]" type="java.lang.AssertionError">
      <![CDATA[java.lang.AssertionError: expected [https://www.bestbuy.com/?intl=nosplash] but found [https://www.bestbuy.com/]
at org.testng.Assert.fail(Assert.java:111)
at org.testng.Assert.failNotEquals(Assert.java:1578)
at org.testng.Assert.assertEqualsImpl(Assert.java:150)
at org.testng.Assert.assertEquals(Assert.java:132)
at org.testng.Assert.assertEquals(Assert.java:656)
at org.testng.Assert.assertEquals(Assert.java:666)
at tests.HomePageTest.openWebTest(HomePageTest.java:24)
at java.base/jdk.internal.reflect.DirectMethodHandleAccessor.invoke(DirectMethodHandleAccessor.java:103)
at java.base/java.lang.reflect.Method.invoke(Method.java:580)
at org.testng.internal.invokers.MethodInvocationHelper.invokeMethod(MethodInvocationHelper.java:141)
at org.testng.internal.invokers.TestInvoker.invokeMethod(TestInvoker.java:686)
at org.testng.internal.invokers.TestInvoker.invokeTestMethod(TestInvoker.java:230)
at org.testng.internal.invokers.MethodRunner.runInSequence(MethodRunner.java:63)
at org.testng.internal.invokers.TestInvoker$MethodInvocationAgent.invoke(TestInvoker.java:992)
at org.testng.internal.invokers.TestInvoker.invokeTestMethods(TestInvoker.java:203)
at org.testng.internal.invokers.TestMethodWorker.invokeTestMethods(TestMethodWorker.java:154)
at org.testng.internal.invokers.TestMethodWorker.run(TestMethodWorker.java:134)
at java.base/java.util.ArrayList.forEach(ArrayList.java:1597)
at org.testng.TestRunner.privateRun(TestRunner.java:739)
at org.testng.TestRunner.run(TestRunner.java:614)
at org.testng.SuiteRunner.runTest(SuiteRunner.java:421)
at org.testng.SuiteRunner.runSequentially(SuiteRunner.java:413)
at org.testng.SuiteRunner.privateRun(SuiteRunner.java:373)
at org.testng.SuiteRunner.run(SuiteRunner.java:312)
at org.testng.SuiteRunnerWorker.runSuite(SuiteRunnerWorker.java:52)
at org.testng.SuiteRunnerWorker.run(SuiteRunnerWorker.java:95)
at org.testng.TestNG.runSuitesSequentially(TestNG.java:1274)
at org.testng.TestNG.runSuitesLocally(TestNG.java:1208)
at org.testng.TestNG.runSuites(TestNG.java:1112)
at org.testng.TestNG.run(TestNG.java:1079)
at org.testng.remote.AbstractRemoteTestNG.run(AbstractRemoteTestNG.java:115)
at org.testng.remote.RemoteTestNG.initAndRun(RemoteTestNG.java:293)
at org.testng.remote.RemoteTestNG.main(RemoteTestNG.java:91)
]]>
    </failure>
    <system-out>
      <![CDATA[<img src= C:\Users\dhanu\Downloads\Capstone-Project_BestBuy-master\Capstone-Project_BestBuy-master\Screenshots\openWebTest.pngwidth 200px height = 200px />]]>
    </system-out>
  </testcase> <!-- openWebTest -->
  <testcase classname="tests.HomePageTest" name="bottomLink" time="9.885"/>
  <testcase classname="tests.HomePageTest" name="validateTitle" time="0.734"/>
  <testcase classname="tests.HomePageTest" name="openWebTest" time="0.071">
    <failure message="expected [https://www.bestbuy.com/?intl=nosplash] but found [https://www.bestbuy.com/]" type="java.lang.AssertionError">
      <![CDATA[java.lang.AssertionError: expected [https://www.bestbuy.com/?intl=nosplash] but found [https://www.bestbuy.com/]
at org.testng.Assert.fail(Assert.java:111)
at org.testng.Assert.failNotEquals(Assert.java:1578)
at org.testng.Assert.assertEqualsImpl(Assert.java:150)
at org.testng.Assert.assertEquals(Assert.java:132)
at org.testng.Assert.assertEquals(Assert.java:656)
at org.testng.Assert.assertEquals(Assert.java:666)
at tests.HomePageTest.openWebTest(HomePageTest.java:24)
at java.base/jdk.internal.reflect.DirectMethodHandleAccessor.invoke(DirectMethodHandleAccessor.java:103)
at java.base/java.lang.reflect.Method.invoke(Method.java:580)
at org.testng.internal.invokers.MethodInvocationHelper.invokeMethod(MethodInvocationHelper.java:141)
at org.testng.internal.invokers.TestInvoker.invokeMethod(TestInvoker.java:686)
at org.testng.internal.invokers.TestInvoker.invokeTestMethod(TestInvoker.java:230)
at org.testng.internal.invokers.MethodRunner.runInSequence(MethodRunner.java:63)
at org.testng.internal.invokers.TestInvoker$MethodInvocationAgent.invoke(TestInvoker.java:992)
at org.testng.internal.invokers.TestInvoker.invokeTestMethods(TestInvoker.java:203)
at org.testng.internal.invokers.TestMethodWorker.invokeTestMethods(TestMethodWorker.java:154)
at org.testng.internal.invokers.TestMethodWorker.run(TestMethodWorker.java:134)
at java.base/java.util.ArrayList.forEach(ArrayList.java:1597)
at org.testng.TestRunner.privateRun(TestRunner.java:739)
at org.testng.TestRunner.run(TestRunner.java:614)
at org.testng.SuiteRunner.runTest(SuiteRunner.java:421)
at org.testng.SuiteRunner.runSequentially(SuiteRunner.java:413)
at org.testng.SuiteRunner.privateRun(SuiteRunner.java:373)
at org.testng.SuiteRunner.run(SuiteRunner.java:312)
at org.testng.SuiteRunnerWorker.runSuite(SuiteRunnerWorker.java:52)
at org.testng.SuiteRunnerWorker.run(SuiteRunnerWorker.java:95)
at org.testng.TestNG.runSuitesSequentially(TestNG.java:1274)
at org.testng.TestNG.runSuitesLocally(TestNG.java:1208)
at org.testng.TestNG.runSuites(TestNG.java:1112)
at org.testng.TestNG.run(TestNG.java:1079)
at org.testng.remote.AbstractRemoteTestNG.run(AbstractRemoteTestNG.java:115)
at org.testng.remote.RemoteTestNG.initAndRun(RemoteTestNG.java:293)
at org.testng.remote.RemoteTestNG.main(RemoteTestNG.java:91)
]]>
    </failure>
    <system-out>
      <![CDATA[<img src= C:\Users\dhanu\Downloads\Capstone-Project_BestBuy-master\Capstone-Project_BestBuy-master\Screenshots\openWebTest.pngwidth 200px height = 200px />]]>
    </system-out>
  </testcase> <!-- openWebTest -->
  <testcase classname="tests.HomePageTest" name="bottomLink" time="7.703"/>
  <system-out>
    <![CDATA[<img src= C:\Users\dhanu\Downloads\Capstone-Project_BestBuy-master\Capstone-Project_BestBuy-master\Screenshots\testBrandPage.pngwidth 200px height = 200px />
<img src= C:\Users\dhanu\Downloads\Capstone-Project_BestBuy-master\Capstone-Project_BestBuy-master\Screenshots\testCheckoutPage.pngwidth 200px height = 200px />
<img src= C:\Users\dhanu\Downloads\Capstone-Project_BestBuy-master\Capstone-Project_BestBuy-master\Screenshots\departmentTest.pngwidth 200px height = 200px />
<img src= C:\Users\dhanu\Downloads\Capstone-Project_BestBuy-master\Capstone-Project_BestBuy-master\Screenshots\openWebTest.pngwidth 200px height = 200px />
<img src= C:\Users\dhanu\Downloads\Capstone-Project_BestBuy-master\Capstone-Project_BestBuy-master\Screenshots\testLoginPage.pngwidth 200px height = 200px />
<img src= C:\Users\dhanu\Downloads\Capstone-Project_BestBuy-master\Capstone-Project_BestBuy-master\Screenshots\testNegativeLoginPage.pngwidth 200px height = 200px />
<img src= C:\Users\dhanu\Downloads\Capstone-Project_BestBuy-master\Capstone-Project_BestBuy-master\Screenshots\negativeSignUp.pngwidth 200px height = 200px />
<img src= C:\Users\dhanu\Downloads\Capstone-Project_BestBuy-master\Capstone-Project_BestBuy-master\Screenshots\searchProduct.pngwidth 200px height = 200px />
<img src= C:\Users\dhanu\Downloads\Capstone-Project_BestBuy-master\Capstone-Project_BestBuy-master\Screenshots\validatePositiveSignUp.pngwidth 200px height = 200px />
<img src= C:\Users\dhanu\Downloads\Capstone-Project_BestBuy-master\Capstone-Project_BestBuy-master\Screenshots\testBrandPage.pngwidth 200px height = 200px />
<img src= C:\Users\dhanu\Downloads\Capstone-Project_BestBuy-master\Capstone-Project_BestBuy-master\Screenshots\testCheckoutPage.pngwidth 200px height = 200px />
<img src= C:\Users\dhanu\Downloads\Capstone-Project_BestBuy-master\Capstone-Project_BestBuy-master\Screenshots\departmentTest.pngwidth 200px height = 200px />
<img src= C:\Users\dhanu\Downloads\Capstone-Project_BestBuy-master\Capstone-Project_BestBuy-master\Screenshots\openWebTest.pngwidth 200px height = 200px />
<img src= C:\Users\dhanu\Downloads\Capstone-Project_BestBuy-master\Capstone-Project_BestBuy-master\Screenshots\testLoginPage.pngwidth 200px height = 200px />
<img src= C:\Users\dhanu\Downloads\Capstone-Project_BestBuy-master\Capstone-Project_BestBuy-master\Screenshots\testNegativeLoginPage.pngwidth 200px height = 200px />]]>
  </system-out>
</testsuite> <!-- tests.HomePageTest -->
